 0,9	  2712600  
 0,3  2741016  
 0,7  2753948  
 0,8  2746064  
 0,7  2749708  
 0,4  2752076  
 0,9  2753724  
 1,1  2747668  
 2,1  2753028  
 0,4  2748932  
 1,4  2751176  
 0,9  2750776  
 1,1  2749576  
 0,3  2751476  
 1,5  2749760  
 1,9  2749448  
 1,6  2746384  
 2,1  2747908  
 1,7  2752556  
 0,7  2751604  
 0,5  2741520  
 2,0  2712636  
 1,9  2717180  
 1,2  2749628  
 1,4  2752868  
 1,5  2748464  
 1,4  2748708  
 1,2  2737168  
 2,0  2757344  
 1,7  2751068  
 1,7  2743636  
 1,3  2749268  
 1,4  2748484  
 1,5  2742352  
 1,6  2749980  
 1,8  2751556  
 2,2  2751792  
 2,2  2745608  
 2,3  2745116  
 2,4  2750384  
 2,5  2744304  
 2,5  2745896  
 2,6  2748356  
 0,5  2571660  
 0,7  2574624  
 0,7  2567220  
 0,7  2568104  
 0,7  2577084  
 0,8  2569312  
 0,4  2583312  
 0,6  2576684  
 1,0  2582580  
 1,0  2584776  
 1,0  2578820  
 0,6  2586752  
 1,5  2581428  
 1,6  2593680  
 1,5  2587128  
 1,1  2578112  
 1,1  2590588  
 1,2  2577028  
 1,2  2579644  
 1,6  2574140  
 1,6  2587392  
 1,6  2569636  
 2,0  2600960  
 2,0  2602316  
 1,9  2601000  
 1,9  2604752  
 2,0  2604692  
 2,0  2605704  
 2,5  2604472  
 2,5  2606048  
 2,6  2606592  
 2,6  2607032  
 2,5  2606992  
 2,5  2609888  
 2,5  2612328  
 2,5  2613808  
 0,6  2549436  
 0,6  2553656  
 1,1  2554140  
 1,1  2568868  
 1,1  2570084  
 1,4  2569520  
 1,6  2572884  
 1,5  2574060  
 1,5  2575432  
 1,5  2577208  
 1,6  2576376  
 1,6  2578484  
 1,6  2579932  
 1,6  2580060  
 1,6  2583644  
 1,6  2583976  
 0,4  2577652  
 0,5  2580856  
 0,5  2582160  
 0,5  2583004  
 0,7  2583820  
 0,7  2584924  
 0,7  2584764  
 1,0  2585060  
 1,0  2588632  
 1,1  2589128  
 1,2  2589572  
 1,2  2589684  
 1,2  2589960  
 1,2  2590836  
 1,3  2562912  
 1,3  2566184  
 1,4  2566552  
 1,6  2567584  
 1,7  2568856  
 1,7  2570328  
 1,7  2571972  
 1,7  2571712  
 1,7  2575064  
 1,8  2576016  
 1,8  2577040  
 1,8  2577660  
 1,9  2578876  
 1,9  2579352  
 1,9  2580316  
 2,0  2581432  
 1,2  2575712  
 1,3  2576996  
 1,3  2578576  
 1,3  2579644  
 1,3  2571076  
 1,4  2570628  
 1,4  2573000  
 1,4  2573356  
 1,4  2576668  
 1,5  2577168  
 1,5  2578780  
 1,5  2580124  
 1,6  2579884  
 1,7  2580624  
 1,7  2581008  
 1,7  2582772  
 1,7  2583116  
 1,7  2587076  
 1,7  2587620  
 1,7  2589104  
 1,7  2588824  
 1,7  2589504  
 1,7  2591184  
 1,7  2591652  
 2,0  2548616  
 2,0  2553568  
 2,4  2533268  
 2,2  2504664  
 2,2  2508016  
 2,2  2509040  
 2,1  2509520  
 2,1  2456356  
 2,0  2458324  
 2,0  2457336  
 2,2  2460964  
 2,2  2465580  
 2,2  2466836  
 2,2  2467696  
 2,2  2468952  
 2,3  2473532  
 2,4  2473344  
 2,4  2474728  
 2,4  2475636  
 2,4  2476696  
 2,4  2479676  
 2,4  2480668  
 2,4  2481848  
 2,3  2483432  
 2,3  2483344  
 2,3  2484352  
 2,2  2485392  
 2,2  2485840  
 1,2  2268380  
 1,2  2271092  
 1,2  2272272  
 1,3  2272940  
 1,3  2273932  
 1,4  2274876  
 1,4  2275668  
 1,3  2277008  
 1,3  2279964  
 1,3  2280288  
 1,4  2281672  
 1,4  2282444  
 1,4  2283220  
 1,4  2284536  
 1,4  2284892  
 1,5  2286280  
 1,5  2286620  
 1,6  2291388  
 1,6  2292528  
 1,6  2292908  
 1,6  2293924  
 1,6  2294704  
 1,7  2296588  
 1,7  2297200  
 1,8  2297660  
 1,8  2285064  
 1,8  2282904  
 1,8  2283072  
 1,8  2284228  
 1,7  2284732  
 1,7  2286788  
 1,7  2287216  
 1,9  2289188  
 2,0  2288688  
 2,0  2289796  
 2,0  2290440  
 2,0  2291548  
 2,0  2292260  
 2,0  2293208  
 2,0  2294448  
 2,0  2295336  
 2,1  2296320  
 2,1  2296764  
 2,0  2297796  
 2,0  2298168  
 2,0  2294240  
 2,0  2294608  
 2,0  2296468  
 2,0  2296660  
 1,9  2303260  
 1,9  2291880  
 1,9  2292724  
 1,9  2294008  
 1,9  2294648  
 1,9  2295212  
 2,1  2296460  
 2,1  2296956  
 2,0  2298104  
 2,0  2302924  
 2,0  2303020  
 2,0  2304184  
 2,0  2305200  
 2,1  2306004  
 2,1  2306948  
 2,1  2308028  
 2,2  2309332  
 2,2  2310084  
 2,4  2311152  
 2,4  2311604  
 2,4  2312508  
 2,3  2276848  
 2,3  2277824  
 2,3  2279048  
 2,4  2280096  
 2,4  2280228  
 2,4  2281188  
 2,5  2282000  
 2,5  2283932  
 2,4  2284164  
 2,4  2285056  
 2,5  2286032  
 2,5  2287280  
 2,5  2287784  
 2,5  2289384  
 2,7  2289964  
 2,7  2289956  
 2,7  2290460  
 2,7  2291008  
 2,6  2292148  
 2,6  2293412  
 2,6  2294236  
 2,6  2294924  
 2,6  2300024  
 2,7  2301024  
 2,7  2301628  
 2,6  2302404  
 2,6  2304008  
 2,6  2304132  
 2,6  2304940  
 2,5  2305980  
 2,5  2307692  
 2,4  2308228  
 2,3  2308452  
 2,3  2309452  
 2,4  2310740  
 2,4  2311120  
 2,3  2312692  
 2,2  2313632  
 2,2  2314492  
 2,2  2316128  
 2,2  2316856  
 2,2  2316632  
 2,2  2317448  
 2,2  2318424  
 2,2  2319476  
 2,2  2321276  
 2,2  2285940  
 2,3  2286716  
 2,3  2287404  
 2,3  2288312  
 2,3  2289104  
 2,3  2290228  
 2,3  2290540  
 2,3  2291172  
 2,3  2292488  
 2,3  2293140  
 2,3  2293988  
 2,3  2294964  
 2,3  2296452  
 2,4  2296196  
 2,4  2298304  
 2,4  2300164  
 2,3  2244320  
 2,3  2241932  
 2,1  2241488  
 2,1  2242672  
 2,2  2243132  
 2,2  2243904  
 2,2  2245456  
 2,2  2246756  
 2,2  2247356  
 2,2  2247876  
 2,2  2248520  
 2,2  2249520  
 2,3  2250444  
 2,4  2254680  
 2,4  2253132  
 2,5  2253648  
 2,5  2254352  
 2,4  2255080  
 2,4  2256516  
 2,4  2256776  
 2,4  2258072  
 2,4  2258940  
 2,4  2259700  
 2,4  2261700  
 2,4  2262404  
 2,4  2262856  
 2,4  2264204  
 2,4  2264692  
 0,1  2222852  
 0,2  2225768  
 0,4  2226456  
 0,4  2227908  
 0,4  2228372  
 0,4  2230016  
 0,8  2231348  
 0,8  2231788  
 0,8  2232896  
 0,9  2235968  
 0,9  2235920  
 0,9  2236716  
 0,9  2238420  
 1,1  2239512  
 1,1  2240448  
 1,1  2240812  
 1,1  2241656  
 1,1  2242672  
 1,2  2246116  
 1,2  2246516  
 1,4  2247532  
 1,4  2248384  
 1,5  2249128  
 1,5  2250252  
 1,7  2250980  
 1,7  2251840  
 1,8  2254236  
 1,8  2235524  
 1,8  2236492  
 1,8  2244048  
 1,8  2245832  
 1,8  2242708  
 1,8  2242072  
 1,8  2242396  
 1,8  2243872  
 1,8  2244796  
 1,8  2244888  
 1,9  2246532  
 2,0  2246704  
 2,0  2247672  
 2,0  2248704  
 2,0  2249704  
 2,0  2250480  
 2,0  2252232  
 2,2  2254000  
 2,2  2255488  
 2,3  2253380  
 2,3  2254144  
 2,3  2254132  
 2,2  2254860  
 2,2  2255612  
 2,2  2256720  
 2,2  2257720  
 2,2  2258512  
 2,2  2259932  
 2,2  2261840  
 2,2  2261344  
 2,3  2262592  
 2,3  2264328  
 2,3  2262648  
 2,3  2263464  
 2,3  2264404  
 2,3  2265156  
 2,3  2266296  
 2,3  2267032  
 2,3  2268008  
 2,3  2269708  
 2,2  2270564  
 2,2  2270636  
 2,3  2271140  
 2,3  2236984  
 2,3  2236592  
 2,2  2236848  
 2,2  2238304  
 2,2  2239656  
 2,2  2240628  
 2,2  2241720  
 2,2  2242556  
 2,2  2243228  
 2,2  2242436  
 2,2  2242528  
 2,2  2244944  
 2,2  2245680  
 2,2  2245920  
 2,1  2246612  
 2,1  2249720  
 2,2  2247892  
 2,2  2246532  
 2,2  2247168  
 2,3  2248200  
 2,3  2249636  
 2,3  2250788  
 2,3  2251260  
 2,3  2252368  
 2,3  2253328  
 2,3  2253524  
 2,3  2254844  
 2,7  2255344  
 2,6  2256056  
 2,6  2257164  
 2,6  2257792  
 2,6  2261392  
 2,6  2262260  
 2,6  2263068  
 2,6  2264168  
 2,5  2265212  
 2,4  2266220  
 2,4  2266856  
 2,4  2267376  
 2,5  2268196  
 2,5  2269168  
 2,5  2269424  
 2,5  2272580  
 2,3  2273360  
 2,3  2274220  
 2,4  2275312  
 2,4  2276080  
 2,4  2276852  
 2,4  2240900  
 2,4  2241648  
 2,3  2239456  
 2,3  2241020  
 2,3  2240656  
 2,3  2241936  
 2,3  2242584  
 2,3  2244500  
 2,4  2244136  
 2,4  2245252  
 2,4  2246348  
 2,3  2247092  
 2,3  2248572  
 2,4  2249464  
 2,4  2250856  
 2,4  2251112  
 2,6  2251524  
 2,5  2252556  
 2,5  2253260  
 2,4  2254148  
 2,4  2255084  
 2,4  2256248  
 2,3  2258240  
 2,3  2258328  
 2,3  2259132  
 2,3  2259784  
 2,2  2263032  
 2,2  2263792  
 2,1  2265648  
 2,1  2265352  
 2,2  2266364  
 2,2  2267380  
 2,2  2267820  
